TN:
SF:./src/client/app/app.module.js
FN:1,(anonymous_1)
FNF:1
FNH:1
FNDA:1,(anonymous_1)
DA:1,1
DA:4,1
LF:2
LH:2
BRF:0
BRH:0
end_of_record
TN:
SF:./src/client/app/blocks/exception/exception.module.js
FN:1,(anonymous_1)
FNF:1
FNH:1
FNDA:1,(anonymous_1)
DA:1,1
DA:4,1
LF:2
LH:2
BRF:0
BRH:0
end_of_record
TN:
SF:./src/client/app/blocks/logger/logger.module.js
FN:1,(anonymous_1)
FNF:1
FNH:1
FNDA:1,(anonymous_1)
DA:1,1
DA:4,1
LF:2
LH:2
BRF:0
BRH:0
end_of_record
TN:
SF:./src/client/app/blocks/router/router.module.js
FN:1,(anonymous_1)
FNF:1
FNH:1
FNDA:1,(anonymous_1)
DA:1,1
DA:4,1
LF:2
LH:2
BRF:0
BRH:0
end_of_record
TN:
SF:./src/client/app/core/core.module.js
FN:1,(anonymous_1)
FNF:1
FNH:1
FNDA:1,(anonymous_1)
DA:1,1
DA:4,1
LF:2
LH:2
BRF:0
BRH:0
end_of_record
TN:
SF:./src/client/app/blocks/exception/exception-handler.provider.js
FN:3,(anonymous_1)
FN:14,exceptionHandlerProvider
FN:20,(anonymous_3)
FN:24,(anonymous_4)
FN:37,config
FN:50,extendExceptionHandler
FN:51,(anonymous_7)
FNF:7
FNH:7
FNDA:1,(anonymous_1)
FNDA:11,exceptionHandlerProvider
FNDA:8,(anonymous_3)
FNDA:13,(anonymous_4)
FNDA:11,config
FNDA:11,extendExceptionHandler
FNDA:1,(anonymous_7)
DA:3,1
DA:6,1
DA:14,1
DA:16,11
DA:20,11
DA:21,8
DA:24,11
DA:25,13
DA:29,1
DA:37,1
DA:38,11
DA:41,1
DA:50,1
DA:51,11
DA:52,1
DA:53,1
DA:54,1
DA:55,1
DA:65,0
LF:19
LH:18
BRDA:52,1,0,1
BRDA:52,1,1,0
BRF:2
BRH:1
end_of_record
TN:
SF:./src/client/app/blocks/exception/exception.js
FN:1,(anonymous_1)
FN:9,exception
FN:15,catcher
FN:16,(anonymous_4)
FNF:4
FNH:1
FNDA:1,(anonymous_1)
FNDA:0,exception
FNDA:0,catcher
FNDA:0,(anonymous_4)
DA:1,1
DA:4,1
DA:9,1
DA:10,0
DA:13,0
DA:15,1
DA:16,0
DA:17,0
DA:18,0
DA:19,0
DA:20,0
DA:21,0
DA:23,0
DA:24,0
DA:25,0
LF:15
LH:4
BRDA:19,1,0,0
BRDA:19,1,1,0
BRDA:19,2,0,0
BRDA:19,2,1,0
BRF:4
BRH:0
end_of_record
TN:
SF:./src/client/app/blocks/logger/logger.js
FN:1,(anonymous_1)
FN:11,logger
FN:27,error
FN:31,info
FN:35,success
FN:39,warning
FNF:6
FNH:2
FNDA:1,(anonymous_1)
FNDA:11,logger
FNDA:0,error
FNDA:0,info
FNDA:0,success
FNDA:0,warning
DA:1,1
DA:4,1
DA:8,1
DA:11,1
DA:12,11
DA:24,11
DA:27,1
DA:28,0
DA:31,1
DA:32,0
DA:35,1
DA:36,0
DA:39,1
DA:40,0
LF:14
LH:10
BRF:0
BRH:0
end_of_record
TN:
SF:./src/client/app/blocks/router/router-helper.provider.js
FN:2,(anonymous_1)
FN:11,routerHelperProvider
FN:24,(anonymous_3)
FN:31,RouterHelper
FN:51,configureStates
FN:52,(anonymous_6)
FN:63,handleRoutingErrors
FN:68,(anonymous_8)
FN:86,init
FN:91,getStates
FN:93,updateDocTitle
FN:95,(anonymous_12)
FNF:12
FNH:10
FNDA:1,(anonymous_1)
FNDA:3,routerHelperProvider
FNDA:3,(anonymous_3)
FNDA:3,RouterHelper
FNDA:3,configureStates
FNDA:3,(anonymous_6)
FNDA:3,handleRoutingErrors
FNDA:0,(anonymous_8)
FNDA:3,init
FNDA:0,getStates
FNDA:3,updateDocTitle
FNDA:2,(anonymous_12)
DA:2,1
DA:5,1
DA:9,1
DA:11,1
DA:13,3
DA:18,3
DA:19,0
DA:22,3
DA:24,3
DA:25,3
DA:28,3
DA:29,3
DA:31,1
DA:32,3
DA:33,3
DA:34,3
DA:39,3
DA:45,3
DA:47,3
DA:51,1
DA:52,3
DA:53,3
DA:55,3
DA:57,3
DA:58,3
DA:59,3
DA:63,1
DA:67,3
DA:69,0
DA:70,0
DA:72,0
DA:73,0
DA:74,0
DA:77,0
DA:80,0
DA:81,0
DA:86,1
DA:87,3
DA:88,3
DA:91,1
DA:93,1
DA:94,3
DA:96,2
DA:97,2
DA:98,2
DA:99,2
LF:46
LH:37
BRDA:18,1,0,0
BRDA:18,1,1,3
BRDA:18,2,0,3
BRDA:18,2,1,3
BRDA:54,3,0,3
BRDA:54,3,1,3
BRDA:57,4,0,3
BRDA:57,4,1,0
BRDA:57,5,0,3
BRDA:57,5,1,3
BRDA:69,6,0,0
BRDA:69,6,1,0
BRDA:74,7,0,0
BRDA:74,7,1,0
BRDA:74,7,2,0
BRDA:74,7,3,0
BRDA:74,7,4,0
BRDA:78,8,0,0
BRDA:78,8,1,0
BRDA:78,9,0,0
BRDA:78,9,1,0
BRDA:79,10,0,0
BRDA:79,10,1,0
BRDA:98,11,0,2
BRDA:98,11,1,0
BRF:25
BRH:9
end_of_record
TN:
SF:./src/client/app/core/config.js
FN:1,(anonymous_1)
FN:17,configure
FNF:2
FNH:2
FNDA:1,(anonymous_1)
FNDA:3,configure
DA:1,1
DA:4,1
DA:6,1
DA:11,1
DA:13,1
DA:15,1
DA:17,1
DA:18,3
DA:19,3
DA:21,3
DA:22,3
LF:11
LH:11
BRDA:18,1,0,3
BRDA:18,1,1,0
BRF:2
BRH:1
end_of_record
TN:
SF:./src/client/app/core/core.route.js
FN:1,(anonymous_1)
FN:9,appRun
FN:14,getStates
FNF:3
FNH:3
FNDA:1,(anonymous_1)
FNDA:3,appRun
FNDA:3,getStates
DA:1,1
DA:4,1
DA:9,1
DA:10,3
DA:11,3
DA:14,1
DA:15,3
LF:7
LH:7
BRF:0
BRH:0
end_of_record
